<?xml version="1.0" encoding="UTF-8"?>
<!-- Generated by org.testng.reporters.JUnitReportReporter -->
<testsuite hostname="LP-5CG04114NG" failures="0" tests="4" name="com.XYZ.tests.CustomerTest" time="24.317" errors="0" timestamp="2023-01-23T17:51:55 IST" skipped="0">
  <testcase classname="com.XYZ.tests.CustomerTest" name="a_verifylogin" time="1.112"/>
  <system-out/>
  <testcase classname="com.XYZ.tests.CustomerTest" name="c_withdrawl" time="1.198"/>
  <system-out/>
  <testcase classname="com.XYZ.tests.CustomerTest" name="transaction" time="20.770"/>
  <system-out/>
  <testcase classname="com.XYZ.tests.CustomerTest" name="b_deposit" time="1.237"/>
  <system-out/>
</testsuite> <!-- com.XYZ.tests.CustomerTest -->
